2025-11-25 19:04:30, MOVE, v:1, k:poo@agenda, mode:DOWN
2025-11-25 19:04:33, MOVE, v:1, k:poo@agenda, mode:PICK
2025-11-25 19:04:35, EXEC, v:1, k:poo@agenda, mode:FULL, rate:0, size:0
2025-11-25 19:18:26, EXEC, v:1, k:poo@agenda, mode:FULL, rate:0, size:16
2025-11-25 19:18:26, MOVE, v:1, k:poo@agenda, mode:BACK
2025-11-25 19:18:42, MOVE, v:1, k:poo@agenda, mode:PICK
2025-11-25 19:18:43, EXEC, v:1, k:poo@agenda, mode:FULL, rate:0
2025-11-25 22:43:57, MOVE, v:1, k:poo@agenda, mode:PICK
2025-11-25 22:43:58, EXEC, v:1, k:poo@agenda, mode:FULL, rate:0, size:26
2025-11-25 22:43:59, EXEC, v:1, k:poo@agenda, mode:FULL, rate:0
2025-11-25 22:43:59, MOVE, v:1, k:poo@agenda, mode:BACK
2025-11-25 22:44:01, MOVE, v:1, k:poo@agenda, mode:PICK
2025-11-25 22:44:01, EXEC, v:1, k:poo@agenda, mode:FULL, rate:0
2025-11-25 22:44:03, EXEC, v:1, k:poo@agenda, mode:FULL, rate:0
2025-11-25 22:48:24, EXEC, v:1, k:poo@agenda, mode:FULL, rate:0, size:40
2025-11-25 22:48:27, EXEC, v:1, k:poo@agenda, mode:FULL, rate:0
2025-11-25 22:48:28, MOVE, v:1, k:poo@agenda, mode:BACK
2025-11-25 22:48:30, MOVE, v:1, k:poo@agenda, mode:PICK
2025-11-25 22:48:30, EXEC, v:1, k:poo@agenda, mode:FULL, rate:0
2025-11-25 22:51:33, EXEC, v:1, k:poo@agenda, mode:FULL, rate:0, size:40
2025-11-25 22:53:19, EXEC, v:1, k:poo@agenda, mode:FULL, rate:0, size:44
2025-11-25 22:53:40, EXEC, v:1, k:poo@agenda, mode:FULL, rate:0
2025-11-25 22:59:58, EXEC, v:1, k:poo@agenda, mode:FULL, rate:0, size:58
2025-11-25 23:00:56, EXEC, v:1, k:poo@agenda, mode:FULL, rate:0, size:69
2025-11-25 23:00:57, MOVE, v:1, k:poo@agenda, mode:BACK
2025-11-25 23:01:08, MOVE, v:1, k:poo@agenda, mode:PICK
2025-11-25 23:01:09, EXEC, v:1, k:poo@agenda, mode:FULL, rate:0
2025-11-25 23:04:24, EXEC, v:1, k:poo@agenda, mode:FULL, rate:0, size:74
2025-11-25 23:06:11, EXEC, v:1, k:poo@agenda, mode:FULL, rate:0, size:76
2025-11-25 23:07:19, EXEC, v:1, k:poo@agenda, mode:FULL, rate:0, size:76
2025-11-25 23:07:32, EXEC, v:1, k:poo@agenda, mode:FULL, rate:0
2025-11-25 23:07:33, MOVE, v:1, k:poo@agenda, mode:BACK
2025-11-25 23:07:35, MOVE, v:1, k:poo@agenda, mode:PICK
2025-11-25 23:07:36, EXEC, v:1, k:poo@agenda, mode:FULL, rate:0
